{"level":"error","ts":"2024-12-11T09:26:05.519Z","caller":"fox-plugin/main.go:109","msg":"rpc error: code = Canceled desc = context canceled"}
{"level":"error","ts":"2024-12-13T03:28:41.523Z","caller":"fox-plugin/main.go:109","msg":"rpc error: code = Canceled desc = context canceled"}
{"level":"error","ts":"2024-12-13T06:44:46.492Z","caller":"fox-plugin/main.go:112","msg":"EOF"}
{"level":"error","ts":"2024-12-13T06:57:03.808Z","caller":"fox-plugin/main.go:113","msg":"EOF"}
{"level":"error","ts":"2024-12-13T06:58:27.876Z","caller":"fox-plugin/main.go:113","msg":"EOF"}
{"level":"error","ts":"2024-12-13T06:59:11.196Z","caller":"fox-plugin/main.go:113","msg":"EOF"}
{"level":"error","ts":"2024-12-16T03:00:20.468Z","caller":"connection/connection.go:99","msg":"EOF"}
{"level":"warn","ts":"2024-12-16T03:30:56.008Z","caller":"connection/connection.go:239","msg":"ConnectID:\"fe09ae46-df5d-46cd-a1f7-5457ea7f84c6\"  MsgID:\"012d55af-bf71-4459-bbfd-fc8e155f7000\"  MsgType:MsgTypeGetBalance  Payload:\"proxy response for :send from plugin, idx: 0\"  StatusCode:StatusCodeSuccess"}
{"level":"warn","ts":"2024-12-16T04:02:18.611Z","caller":"connection/connection.go:239","msg":"ConnectID:\"644a9a05-bd82-489f-b4ef-9811283cb067\"  MsgID:\"0eea2a87-20ea-48a2-9d73-ab3450c626e8\"  MsgType:MsgTypeGetBalance  Payload:\"proxy response for :send from plugin, idx: 0\"  StatusCode:StatusCodeSuccess"}
{"level":"warn","ts":"2024-12-16T04:02:47.946Z","caller":"connection/connection.go:239","msg":"ConnectID:\"5266208f-ec28-494b-8d99-bc175a067261\"  MsgID:\"58fb7e17-0dbf-481e-9d5d-b7d05e44f2cd\"  MsgType:MsgTypeGetBalance  Payload:\"proxy reply for :send from plugin, idx: 0\"  StatusCode:StatusCodeSuccess"}
{"level":"warn","ts":"2024-12-16T04:02:48.947Z","caller":"connection/connection.go:239","msg":"ConnectID:\"5266208f-ec28-494b-8d99-bc175a067261\"  MsgID:\"b4f01394-f9ad-400d-a0e6-1e3dd815ca2f\"  MsgType:MsgTypeGetBalance  Payload:\"proxy reply for :send from plugin, idx: 1\"  StatusCode:StatusCodeSuccess"}
{"level":"warn","ts":"2024-12-16T04:02:49.948Z","caller":"connection/connection.go:239","msg":"ConnectID:\"5266208f-ec28-494b-8d99-bc175a067261\"  MsgID:\"36f6708e-51d5-4fa0-9df9-8273137c72ad\"  MsgType:MsgTypeGetBalance  Payload:\"proxy reply for :send from plugin, idx: 2\"  StatusCode:StatusCodeSuccess"}
{"level":"warn","ts":"2024-12-16T04:02:50.949Z","caller":"connection/connection.go:239","msg":"ConnectID:\"5266208f-ec28-494b-8d99-bc175a067261\"  MsgID:\"da9957fd-5c20-4d6e-9f7a-b1e1e7b9e555\"  MsgType:MsgTypeGetBalance  Payload:\"proxy reply for :send from plugin, idx: 3\"  StatusCode:StatusCodeSuccess"}
{"level":"warn","ts":"2024-12-16T04:02:51.949Z","caller":"connection/connection.go:239","msg":"ConnectID:\"5266208f-ec28-494b-8d99-bc175a067261\"  MsgID:\"bfa1e79b-71c9-41f6-9cfe-2041175dde53\"  MsgType:MsgTypeGetBalance  Payload:\"proxy reply for :send from plugin, idx: 4\"  StatusCode:StatusCodeSuccess"}
{"level":"warn","ts":"2024-12-16T04:02:52.950Z","caller":"connection/connection.go:239","msg":"ConnectID:\"5266208f-ec28-494b-8d99-bc175a067261\"  MsgID:\"89df1520-a34c-409c-b426-c932b73425eb\"  MsgType:MsgTypeGetBalance  Payload:\"proxy reply for :send from plugin, idx: 5\"  StatusCode:StatusCodeSuccess"}
{"level":"warn","ts":"2024-12-16T04:02:53.951Z","caller":"connection/connection.go:239","msg":"ConnectID:\"5266208f-ec28-494b-8d99-bc175a067261\"  MsgID:\"c5eac1ac-9f33-49e9-94a6-c98291152b00\"  MsgType:MsgTypeGetBalance  Payload:\"proxy reply for :send from plugin, idx: 6\"  StatusCode:StatusCodeSuccess"}
{"level":"warn","ts":"2024-12-16T04:02:54.953Z","caller":"connection/connection.go:239","msg":"ConnectID:\"5266208f-ec28-494b-8d99-bc175a067261\"  MsgID:\"4f8e9e8c-aa2f-41d2-9a98-637fbd5aaa70\"  MsgType:MsgTypeGetBalance  Payload:\"proxy reply for :send from plugin, idx: 7\"  StatusCode:StatusCodeSuccess"}
{"level":"warn","ts":"2024-12-16T04:02:55.954Z","caller":"connection/connection.go:239","msg":"ConnectID:\"5266208f-ec28-494b-8d99-bc175a067261\"  MsgID:\"8166fdcf-b986-440b-98e1-1545724c5577\"  MsgType:MsgTypeGetBalance  Payload:\"proxy reply for :send from plugin, idx: 8\"  StatusCode:StatusCodeSuccess"}
{"level":"warn","ts":"2024-12-16T04:02:56.955Z","caller":"connection/connection.go:239","msg":"ConnectID:\"5266208f-ec28-494b-8d99-bc175a067261\"  MsgID:\"5f6d896c-da7e-4811-bdf5-1b19f877fa8a\"  MsgType:MsgTypeGetBalance  Payload:\"proxy reply for :send from plugin, idx: 9\"  StatusCode:StatusCodeSuccess"}
{"level":"error","ts":"2024-12-16T06:30:34.275Z","caller":"connection/connection.go:99","msg":"EOF"}
{"level":"error","ts":"2024-12-16T06:31:15.150Z","caller":"connection/connection.go:99","msg":"EOF"}
{"level":"error","ts":"2024-12-16T06:39:49.810Z","caller":"connection/connection.go:99","msg":"rpc error: code = Unavailable desc = closing transport due to: connection error: desc = \"error reading from server: EOF\", received prior goaway: code: ENHANCE_YOUR_CALM, debug data: \"too_many_pings\""}
{"level":"error","ts":"2024-12-16T06:40:42.974Z","caller":"connection/connection.go:99","msg":"rpc error: code = Unavailable desc = closing transport due to: connection error: desc = \"error reading from server: EOF\", received prior goaway: code: ENHANCE_YOUR_CALM, debug data: \"too_many_pings\""}
{"level":"error","ts":"2024-12-16T06:42:37.135Z","caller":"connection/connection.go:99","msg":"rpc error: code = Unavailable desc = closing transport due to: connection error: desc = \"error reading from server: EOF\", received prior goaway: code: ENHANCE_YOUR_CALM, debug data: \"too_many_pings\""}
{"level":"error","ts":"2024-12-16T06:59:30.966Z","caller":"connection/connection.go:99","msg":"EOF"}
